Started GET "/" for 127.0.0.1 at 2019-01-16 13:53:51 -0200
  
ActiveRecord::PendingMigrationError (

Migrations are pending. To resolve this issue, run:

        bin/rails db:migrate RAILS_ENV=development

):
  
activerecord (5.2.2) lib/active_record/migration.rb:579:in `check_pending!'
activerecord (5.2.2) lib/active_record/migration.rb:556:in `call'
actionpack (5.2.2) lib/action_dispatch/middleware/callbacks.rb:28:in `block in call'
activesupport (5.2.2) lib/active_support/callbacks.rb:98:in `run_callbacks'
actionpack (5.2.2) lib/action_dispatch/middleware/callbacks.rb:26:in `call'
actionpack (5.2.2) lib/action_dispatch/middleware/executor.rb:14:in `call'
actionpack (5.2.2) lib/action_dispatch/middleware/debug_exceptions.rb:61:in `call'
web-console (3.7.0) lib/web_console/middleware.rb:135:in `call_app'
web-console (3.7.0) lib/web_console/middleware.rb:30:in `block in call'
web-console (3.7.0) lib/web_console/middleware.rb:20:in `catch'
web-console (3.7.0) lib/web_console/middleware.rb:20:in `call'
actionpack (5.2.2) lib/action_dispatch/middleware/show_exceptions.rb:33:in `call'
railties (5.2.2) lib/rails/rack/logger.rb:38:in `call_app'
railties (5.2.2) lib/rails/rack/logger.rb:26:in `block in call'
activesupport (5.2.2) lib/active_support/tagged_logging.rb:71:in `block in tagged'
activesupport (5.2.2) lib/active_support/tagged_logging.rb:28:in `tagged'
activesupport (5.2.2) lib/active_support/tagged_logging.rb:71:in `tagged'
railties (5.2.2) lib/rails/rack/logger.rb:26:in `call'
sprockets-rails (3.2.1) lib/sprockets/rails/quiet_assets.rb:13:in `call'
actionpack (5.2.2) lib/action_dispatch/middleware/remote_ip.rb:81:in `call'
actionpack (5.2.2) lib/action_dispatch/middleware/request_id.rb:27:in `call'
rack (2.0.6) lib/rack/method_override.rb:22:in `call'
rack (2.0.6) lib/rack/runtime.rb:22:in `call'
activesupport (5.2.2) lib/active_support/cache/strategy/local_cache_middleware.rb:29:in `call'
actionpack (5.2.2) lib/action_dispatch/middleware/executor.rb:14:in `call'
actionpack (5.2.2) lib/action_dispatch/middleware/static.rb:127:in `call'
rack (2.0.6) lib/rack/sendfile.rb:111:in `call'
railties (5.2.2) lib/rails/engine.rb:524:in `call'
puma (3.12.0) lib/puma/configuration.rb:225:in `call'
puma (3.12.0) lib/puma/server.rb:658:in `handle_request'
puma (3.12.0) lib/puma/server.rb:472:in `process_client'
puma (3.12.0) lib/puma/server.rb:332:in `block in run'
puma (3.12.0) lib/puma/thread_pool.rb:133:in `block in spawn_thread'
  [1m[35m (0.1ms)[0m  [1m[34mSELECT sqlite_version(*)[0m
  ↳ /Users/giorgiotorres/.rvm/rubies/ruby-2.6.0/lib/ruby/gems/2.6.0/gems/rake-12.3.2/lib/rake/task.rb:273
  [1m[35m (1.3ms)[0m  [1m[35mCREATE TABLE "schema_migrations" ("version" varchar NOT NULL PRIMARY KEY)[0m
  ↳ /Users/giorgiotorres/.rvm/rubies/ruby-2.6.0/lib/ruby/gems/2.6.0/gems/rake-12.3.2/lib/rake/task.rb:273
  [1m[35m (1.3ms)[0m  [1m[35mCREATE TABLE "ar_internal_metadata" ("key" varchar NOT NULL PRIMARY KEY, "value" varchar, "created_at" datetime NOT NULL, "updated_at" datetime NOT NULL)[0m
  ↳ /Users/giorgiotorres/.rvm/rubies/ruby-2.6.0/lib/ruby/gems/2.6.0/gems/rake-12.3.2/lib/rake/task.rb:273
  [1m[35m (0.1ms)[0m  [1m[34mSELECT "schema_migrations"."version" FROM "schema_migrations" ORDER BY "schema_migrations"."version" ASC[0m
  ↳ /Users/giorgiotorres/.rvm/rubies/ruby-2.6.0/lib/ruby/gems/2.6.0/gems/rake-12.3.2/lib/rake/task.rb:273
Migrating to CreateQuests (20190116155328)
  [1m[35m (0.1ms)[0m  [1m[36mbegin transaction[0m
  ↳ /Users/giorgiotorres/.rvm/rubies/ruby-2.6.0/lib/ruby/gems/2.6.0/gems/rake-12.3.2/lib/rake/task.rb:273
  [1m[35m (0.6ms)[0m  [1m[35mCREATE TABLE "quests" ("id" integer PRIMARY KEY AUTOINCREMENT NOT NULL, "question" varchar, "options" varchar, "answer_idx" integer, "created_at" datetime NOT NULL, "updated_at" datetime NOT NULL)[0m
  ↳ db/migrate/20190116155328_create_quests.rb:3
  [1m[36mActiveRecord::SchemaMigration Create (0.2ms)[0m  [1m[32mINSERT INTO "schema_migrations" ("version") VALUES (?)[0m  [["version", "20190116155328"]]
  ↳ /Users/giorgiotorres/.rvm/rubies/ruby-2.6.0/lib/ruby/gems/2.6.0/gems/rake-12.3.2/lib/rake/task.rb:273
  [1m[35m (1.2ms)[0m  [1m[36mcommit transaction[0m
  ↳ /Users/giorgiotorres/.rvm/rubies/ruby-2.6.0/lib/ruby/gems/2.6.0/gems/rake-12.3.2/lib/rake/task.rb:273
  [1m[36mActiveRecord::InternalMetadata Load (0.2ms)[0m  [1m[34mSELECT  "ar_internal_metadata".* FROM "ar_internal_metadata" WHERE "ar_internal_metadata"."key" = ? LIMIT ?[0m  [["key", "environment"], ["LIMIT", 1]]
  ↳ /Users/giorgiotorres/.rvm/rubies/ruby-2.6.0/lib/ruby/gems/2.6.0/gems/rake-12.3.2/lib/rake/task.rb:273
  [1m[35m (0.1ms)[0m  [1m[36mbegin transaction[0m
  ↳ /Users/giorgiotorres/.rvm/rubies/ruby-2.6.0/lib/ruby/gems/2.6.0/gems/rake-12.3.2/lib/rake/task.rb:273
  [1m[36mActiveRecord::InternalMetadata Create (0.3ms)[0m  [1m[32mINSERT INTO "ar_internal_metadata" ("key", "value", "created_at", "updated_at") VALUES (?, ?, ?, ?)[0m  [["key", "environment"], ["value", "development"], ["created_at", "2019-01-16 15:54:01.450953"], ["updated_at", "2019-01-16 15:54:01.450953"]]
  ↳ /Users/giorgiotorres/.rvm/rubies/ruby-2.6.0/lib/ruby/gems/2.6.0/gems/rake-12.3.2/lib/rake/task.rb:273
  [1m[35m (1.3ms)[0m  [1m[36mcommit transaction[0m
  ↳ /Users/giorgiotorres/.rvm/rubies/ruby-2.6.0/lib/ruby/gems/2.6.0/gems/rake-12.3.2/lib/rake/task.rb:273
  [1m[35m (0.1ms)[0m  [1m[34mSELECT "schema_migrations"."version" FROM "schema_migrations" ORDER BY "schema_migrations"."version" ASC[0m
  ↳ /Users/giorgiotorres/.rvm/rubies/ruby-2.6.0/lib/ruby/gems/2.6.0/gems/rake-12.3.2/lib/rake/task.rb:273
Started GET "/" for 127.0.0.1 at 2019-01-16 13:54:18 -0200
  [1m[35m (0.2ms)[0m  [1m[34mSELECT "schema_migrations"."version" FROM "schema_migrations" ORDER BY "schema_migrations"."version" ASC[0m
  ↳ /Users/giorgiotorres/.rvm/gems/ruby-2.6.0@lyricspop/gems/activerecord-5.2.2/lib/active_record/log_subscriber.rb:98
Processing by Rails::WelcomeController#index as HTML
  Rendering /Users/giorgiotorres/.rvm/gems/ruby-2.6.0@lyricspop/gems/railties-5.2.2/lib/rails/templates/rails/welcome/index.html.erb
  Rendered /Users/giorgiotorres/.rvm/gems/ruby-2.6.0@lyricspop/gems/railties-5.2.2/lib/rails/templates/rails/welcome/index.html.erb (2.0ms)
Completed 200 OK in 9ms (Views: 5.3ms | ActiveRecord: 0.0ms)


Started GET "/" for 127.0.0.1 at 2019-01-16 13:54:22 -0200
Processing by Rails::WelcomeController#index as HTML
  Rendering /Users/giorgiotorres/.rvm/gems/ruby-2.6.0@lyricspop/gems/railties-5.2.2/lib/rails/templates/rails/welcome/index.html.erb
  Rendered /Users/giorgiotorres/.rvm/gems/ruby-2.6.0@lyricspop/gems/railties-5.2.2/lib/rails/templates/rails/welcome/index.html.erb (4.3ms)
Completed 200 OK in 8ms (Views: 6.3ms | ActiveRecord: 0.0ms)


Started GET "/quets" for 127.0.0.1 at 2019-01-16 13:54:25 -0200
  
ActionController::RoutingError (No route matches [GET] "/quets"):
  
actionpack (5.2.2) lib/action_dispatch/middleware/debug_exceptions.rb:65:in `call'
web-console (3.7.0) lib/web_console/middleware.rb:135:in `call_app'
web-console (3.7.0) lib/web_console/middleware.rb:30:in `block in call'
web-console (3.7.0) lib/web_console/middleware.rb:20:in `catch'
web-console (3.7.0) lib/web_console/middleware.rb:20:in `call'
actionpack (5.2.2) lib/action_dispatch/middleware/show_exceptions.rb:33:in `call'
railties (5.2.2) lib/rails/rack/logger.rb:38:in `call_app'
railties (5.2.2) lib/rails/rack/logger.rb:26:in `block in call'
activesupport (5.2.2) lib/active_support/tagged_logging.rb:71:in `block in tagged'
activesupport (5.2.2) lib/active_support/tagged_logging.rb:28:in `tagged'
activesupport (5.2.2) lib/active_support/tagged_logging.rb:71:in `tagged'
railties (5.2.2) lib/rails/rack/logger.rb:26:in `call'
sprockets-rails (3.2.1) lib/sprockets/rails/quiet_assets.rb:13:in `call'
actionpack (5.2.2) lib/action_dispatch/middleware/remote_ip.rb:81:in `call'
actionpack (5.2.2) lib/action_dispatch/middleware/request_id.rb:27:in `call'
rack (2.0.6) lib/rack/method_override.rb:22:in `call'
rack (2.0.6) lib/rack/runtime.rb:22:in `call'
activesupport (5.2.2) lib/active_support/cache/strategy/local_cache_middleware.rb:29:in `call'
actionpack (5.2.2) lib/action_dispatch/middleware/executor.rb:14:in `call'
actionpack (5.2.2) lib/action_dispatch/middleware/static.rb:127:in `call'
rack (2.0.6) lib/rack/sendfile.rb:111:in `call'
railties (5.2.2) lib/rails/engine.rb:524:in `call'
puma (3.12.0) lib/puma/configuration.rb:225:in `call'
puma (3.12.0) lib/puma/server.rb:658:in `handle_request'
puma (3.12.0) lib/puma/server.rb:472:in `process_client'
puma (3.12.0) lib/puma/server.rb:332:in `block in run'
puma (3.12.0) lib/puma/thread_pool.rb:133:in `block in spawn_thread'
Started GET "/quests" for 127.0.0.1 at 2019-01-16 13:54:29 -0200
Processing by QuestsController#index as HTML
  Rendering quests/index.html.erb within layouts/application
  [1m[36mQuest Load (0.2ms)[0m  [1m[34mSELECT "quests".* FROM "quests"[0m
  ↳ app/views/quests/index.html.erb:16
  Rendered quests/index.html.erb within layouts/application (2.7ms)
Completed 200 OK in 408ms (Views: 402.7ms | ActiveRecord: 0.3ms)


Started GET "/game" for 127.0.0.1 at 2019-01-16 13:55:37 -0200
  [1m[35m (0.1ms)[0m  [1m[34mSELECT "schema_migrations"."version" FROM "schema_migrations" ORDER BY "schema_migrations"."version" ASC[0m
  ↳ /Users/giorgiotorres/.rvm/gems/ruby-2.6.0@lyricspop/gems/activerecord-5.2.2/lib/active_record/log_subscriber.rb:98
  
ActionController::RoutingError (No route matches [GET] "/game"):
  
actionpack (5.2.2) lib/action_dispatch/middleware/debug_exceptions.rb:65:in `call'
web-console (3.7.0) lib/web_console/middleware.rb:135:in `call_app'
web-console (3.7.0) lib/web_console/middleware.rb:30:in `block in call'
web-console (3.7.0) lib/web_console/middleware.rb:20:in `catch'
web-console (3.7.0) lib/web_console/middleware.rb:20:in `call'
actionpack (5.2.2) lib/action_dispatch/middleware/show_exceptions.rb:33:in `call'
railties (5.2.2) lib/rails/rack/logger.rb:38:in `call_app'
railties (5.2.2) lib/rails/rack/logger.rb:26:in `block in call'
activesupport (5.2.2) lib/active_support/tagged_logging.rb:71:in `block in tagged'
activesupport (5.2.2) lib/active_support/tagged_logging.rb:28:in `tagged'
activesupport (5.2.2) lib/active_support/tagged_logging.rb:71:in `tagged'
railties (5.2.2) lib/rails/rack/logger.rb:26:in `call'
sprockets-rails (3.2.1) lib/sprockets/rails/quiet_assets.rb:13:in `call'
actionpack (5.2.2) lib/action_dispatch/middleware/remote_ip.rb:81:in `call'
actionpack (5.2.2) lib/action_dispatch/middleware/request_id.rb:27:in `call'
rack (2.0.6) lib/rack/method_override.rb:22:in `call'
rack (2.0.6) lib/rack/runtime.rb:22:in `call'
activesupport (5.2.2) lib/active_support/cache/strategy/local_cache_middleware.rb:29:in `call'
actionpack (5.2.2) lib/action_dispatch/middleware/executor.rb:14:in `call'
actionpack (5.2.2) lib/action_dispatch/middleware/static.rb:127:in `call'
rack (2.0.6) lib/rack/sendfile.rb:111:in `call'
railties (5.2.2) lib/rails/engine.rb:524:in `call'
puma (3.12.0) lib/puma/configuration.rb:225:in `call'
puma (3.12.0) lib/puma/server.rb:658:in `handle_request'
puma (3.12.0) lib/puma/server.rb:472:in `process_client'
puma (3.12.0) lib/puma/server.rb:332:in `block in run'
puma (3.12.0) lib/puma/thread_pool.rb:133:in `block in spawn_thread'
Started GET "/game" for 127.0.0.1 at 2019-01-16 13:56:19 -0200
  
ArgumentError ('Game' is not a supported controller name. This can lead to potential routing problems. See http://guides.rubyonrails.org/routing.html#specifying-a-controller-to-use):
  
config/routes.rb:3:in `block in <main>'
config/routes.rb:1:in `<main>'
Started GET "/game" for 127.0.0.1 at 2019-01-16 13:56:58 -0200
  
ArgumentError (Missing :controller key on routes definition, please check your routes.):
  
config/routes.rb:3:in `block in <main>'
config/routes.rb:1:in `<main>'
Started GET "/game" for 127.0.0.1 at 2019-01-16 13:57:54 -0200
Processing by GameController#index as HTML
Completed 406 Not Acceptable in 18ms (ActiveRecord: 0.0ms)


  
ActionController::UnknownFormat (GameController#index is missing a template for this request format and variant.

request.formats: ["text/html"]
request.variant: []

NOTE! For XHR/Ajax or API requests, this action would normally respond with 204 No Content: an empty white screen. Since you're loading it in a web browser, we assume that you expected to actually render a template, not nothing, so we're showing an error to be extra-clear. If you expect 204 No Content, carry on. That's what you'll get from an XHR or API request. Give it a shot.):
  
actionpack (5.2.2) lib/action_controller/metal/implicit_render.rb:55:in `default_render'
actionpack (5.2.2) lib/action_controller/metal/basic_implicit_render.rb:6:in `block in send_action'
actionpack (5.2.2) lib/action_controller/metal/basic_implicit_render.rb:6:in `tap'
actionpack (5.2.2) lib/action_controller/metal/basic_implicit_render.rb:6:in `send_action'
actionpack (5.2.2) lib/abstract_controller/base.rb:194:in `process_action'
actionpack (5.2.2) lib/action_controller/metal/rendering.rb:30:in `process_action'
actionpack (5.2.2) lib/abstract_controller/callbacks.rb:42:in `block in process_action'
activesupport (5.2.2) lib/active_support/callbacks.rb:132:in `run_callbacks'
actionpack (5.2.2) lib/abstract_controller/callbacks.rb:41:in `process_action'
actionpack (5.2.2) lib/action_controller/metal/rescue.rb:22:in `process_action'
actionpack (5.2.2) lib/action_controller/metal/instrumentation.rb:34:in `block in process_action'
activesupport (5.2.2) lib/active_support/notifications.rb:168:in `block in instrument'
activesupport (5.2.2) lib/active_support/notifications/instrumenter.rb:23:in `instrument'
activesupport (5.2.2) lib/active_support/notifications.rb:168:in `instrument'
actionpack (5.2.2) lib/action_controller/metal/instrumentation.rb:32:in `process_action'
actionpack (5.2.2) lib/action_controller/metal/params_wrapper.rb:256:in `process_action'
activerecord (5.2.2) lib/active_record/railties/controller_runtime.rb:24:in `process_action'
actionpack (5.2.2) lib/abstract_controller/base.rb:134:in `process'
actionview (5.2.2) lib/action_view/rendering.rb:32:in `process'
actionpack (5.2.2) lib/action_controller/metal.rb:191:in `dispatch'
actionpack (5.2.2) lib/action_controller/metal.rb:252:in `dispatch'
actionpack (5.2.2) lib/action_dispatch/routing/route_set.rb:52:in `dispatch'
actionpack (5.2.2) lib/action_dispatch/routing/route_set.rb:34:in `serve'
actionpack (5.2.2) lib/action_dispatch/journey/router.rb:52:in `block in serve'
actionpack (5.2.2) lib/action_dispatch/journey/router.rb:35:in `each'
actionpack (5.2.2) lib/action_dispatch/journey/router.rb:35:in `serve'
actionpack (5.2.2) lib/action_dispatch/routing/route_set.rb:840:in `call'
rack (2.0.6) lib/rack/tempfile_reaper.rb:15:in `call'
rack (2.0.6) lib/rack/etag.rb:25:in `call'
rack (2.0.6) lib/rack/conditional_get.rb:25:in `call'
rack (2.0.6) lib/rack/head.rb:12:in `call'
actionpack (5.2.2) lib/action_dispatch/http/content_security_policy.rb:18:in `call'
rack (2.0.6) lib/rack/session/abstract/id.rb:232:in `context'
rack (2.0.6) lib/rack/session/abstract/id.rb:226:in `call'
actionpack (5.2.2) lib/action_dispatch/middleware/cookies.rb:670:in `call'
activerecord (5.2.2) lib/active_record/migration.rb:559:in `call'
actionpack (5.2.2) lib/action_dispatch/middleware/callbacks.rb:28:in `block in call'
activesupport (5.2.2) lib/active_support/callbacks.rb:98:in `run_callbacks'
actionpack (5.2.2) lib/action_dispatch/middleware/callbacks.rb:26:in `call'
actionpack (5.2.2) lib/action_dispatch/middleware/executor.rb:14:in `call'
actionpack (5.2.2) lib/action_dispatch/middleware/debug_exceptions.rb:61:in `call'
web-console (3.7.0) lib/web_console/middleware.rb:135:in `call_app'
web-console (3.7.0) lib/web_console/middleware.rb:30:in `block in call'
web-console (3.7.0) lib/web_console/middleware.rb:20:in `catch'
web-console (3.7.0) lib/web_console/middleware.rb:20:in `call'
actionpack (5.2.2) lib/action_dispatch/middleware/show_exceptions.rb:33:in `call'
railties (5.2.2) lib/rails/rack/logger.rb:38:in `call_app'
railties (5.2.2) lib/rails/rack/logger.rb:26:in `block in call'
activesupport (5.2.2) lib/active_support/tagged_logging.rb:71:in `block in tagged'
activesupport (5.2.2) lib/active_support/tagged_logging.rb:28:in `tagged'
activesupport (5.2.2) lib/active_support/tagged_logging.rb:71:in `tagged'
railties (5.2.2) lib/rails/rack/logger.rb:26:in `call'
sprockets-rails (3.2.1) lib/sprockets/rails/quiet_assets.rb:13:in `call'
actionpack (5.2.2) lib/action_dispatch/middleware/remote_ip.rb:81:in `call'
actionpack (5.2.2) lib/action_dispatch/middleware/request_id.rb:27:in `call'
rack (2.0.6) lib/rack/method_override.rb:22:in `call'
rack (2.0.6) lib/rack/runtime.rb:22:in `call'
activesupport (5.2.2) lib/active_support/cache/strategy/local_cache_middleware.rb:29:in `call'
actionpack (5.2.2) lib/action_dispatch/middleware/executor.rb:14:in `call'
actionpack (5.2.2) lib/action_dispatch/middleware/static.rb:127:in `call'
rack (2.0.6) lib/rack/sendfile.rb:111:in `call'
railties (5.2.2) lib/rails/engine.rb:524:in `call'
puma (3.12.0) lib/puma/configuration.rb:225:in `call'
puma (3.12.0) lib/puma/server.rb:658:in `handle_request'
puma (3.12.0) lib/puma/server.rb:472:in `process_client'
puma (3.12.0) lib/puma/server.rb:332:in `block in run'
puma (3.12.0) lib/puma/thread_pool.rb:133:in `block in spawn_thread'
Started GET "/game" for 127.0.0.1 at 2019-01-16 13:58:45 -0200
Processing by GameController#index as HTML
Completed 406 Not Acceptable in 16ms (ActiveRecord: 0.0ms)


  
ActionController::UnknownFormat (GameController#index is missing a template for this request format and variant.

request.formats: ["text/html"]
request.variant: []

NOTE! For XHR/Ajax or API requests, this action would normally respond with 204 No Content: an empty white screen. Since you're loading it in a web browser, we assume that you expected to actually render a template, not nothing, so we're showing an error to be extra-clear. If you expect 204 No Content, carry on. That's what you'll get from an XHR or API request. Give it a shot.):
  
actionpack (5.2.2) lib/action_controller/metal/implicit_render.rb:55:in `default_render'
actionpack (5.2.2) lib/action_controller/metal/basic_implicit_render.rb:6:in `block in send_action'
actionpack (5.2.2) lib/action_controller/metal/basic_implicit_render.rb:6:in `tap'
actionpack (5.2.2) lib/action_controller/metal/basic_implicit_render.rb:6:in `send_action'
actionpack (5.2.2) lib/abstract_controller/base.rb:194:in `process_action'
actionpack (5.2.2) lib/action_controller/metal/rendering.rb:30:in `process_action'
actionpack (5.2.2) lib/abstract_controller/callbacks.rb:42:in `block in process_action'
activesupport (5.2.2) lib/active_support/callbacks.rb:132:in `run_callbacks'
actionpack (5.2.2) lib/abstract_controller/callbacks.rb:41:in `process_action'
actionpack (5.2.2) lib/action_controller/metal/rescue.rb:22:in `process_action'
actionpack (5.2.2) lib/action_controller/metal/instrumentation.rb:34:in `block in process_action'
activesupport (5.2.2) lib/active_support/notifications.rb:168:in `block in instrument'
activesupport (5.2.2) lib/active_support/notifications/instrumenter.rb:23:in `instrument'
activesupport (5.2.2) lib/active_support/notifications.rb:168:in `instrument'
actionpack (5.2.2) lib/action_controller/metal/instrumentation.rb:32:in `process_action'
actionpack (5.2.2) lib/action_controller/metal/params_wrapper.rb:256:in `process_action'
activerecord (5.2.2) lib/active_record/railties/controller_runtime.rb:24:in `process_action'
actionpack (5.2.2) lib/abstract_controller/base.rb:134:in `process'
actionview (5.2.2) lib/action_view/rendering.rb:32:in `process'
actionpack (5.2.2) lib/action_controller/metal.rb:191:in `dispatch'
actionpack (5.2.2) lib/action_controller/metal.rb:252:in `dispatch'
actionpack (5.2.2) lib/action_dispatch/routing/route_set.rb:52:in `dispatch'
actionpack (5.2.2) lib/action_dispatch/routing/route_set.rb:34:in `serve'
actionpack (5.2.2) lib/action_dispatch/journey/router.rb:52:in `block in serve'
actionpack (5.2.2) lib/action_dispatch/journey/router.rb:35:in `each'
actionpack (5.2.2) lib/action_dispatch/journey/router.rb:35:in `serve'
actionpack (5.2.2) lib/action_dispatch/routing/route_set.rb:840:in `call'
rack (2.0.6) lib/rack/tempfile_reaper.rb:15:in `call'
rack (2.0.6) lib/rack/etag.rb:25:in `call'
rack (2.0.6) lib/rack/conditional_get.rb:25:in `call'
rack (2.0.6) lib/rack/head.rb:12:in `call'
actionpack (5.2.2) lib/action_dispatch/http/content_security_policy.rb:18:in `call'
rack (2.0.6) lib/rack/session/abstract/id.rb:232:in `context'
rack (2.0.6) lib/rack/session/abstract/id.rb:226:in `call'
actionpack (5.2.2) lib/action_dispatch/middleware/cookies.rb:670:in `call'
activerecord (5.2.2) lib/active_record/migration.rb:559:in `call'
actionpack (5.2.2) lib/action_dispatch/middleware/callbacks.rb:28:in `block in call'
activesupport (5.2.2) lib/active_support/callbacks.rb:98:in `run_callbacks'
actionpack (5.2.2) lib/action_dispatch/middleware/callbacks.rb:26:in `call'
actionpack (5.2.2) lib/action_dispatch/middleware/executor.rb:14:in `call'
actionpack (5.2.2) lib/action_dispatch/middleware/debug_exceptions.rb:61:in `call'
web-console (3.7.0) lib/web_console/middleware.rb:135:in `call_app'
web-console (3.7.0) lib/web_console/middleware.rb:30:in `block in call'
web-console (3.7.0) lib/web_console/middleware.rb:20:in `catch'
web-console (3.7.0) lib/web_console/middleware.rb:20:in `call'
actionpack (5.2.2) lib/action_dispatch/middleware/show_exceptions.rb:33:in `call'
railties (5.2.2) lib/rails/rack/logger.rb:38:in `call_app'
railties (5.2.2) lib/rails/rack/logger.rb:26:in `block in call'
activesupport (5.2.2) lib/active_support/tagged_logging.rb:71:in `block in tagged'
activesupport (5.2.2) lib/active_support/tagged_logging.rb:28:in `tagged'
activesupport (5.2.2) lib/active_support/tagged_logging.rb:71:in `tagged'
railties (5.2.2) lib/rails/rack/logger.rb:26:in `call'
sprockets-rails (3.2.1) lib/sprockets/rails/quiet_assets.rb:13:in `call'
actionpack (5.2.2) lib/action_dispatch/middleware/remote_ip.rb:81:in `call'
actionpack (5.2.2) lib/action_dispatch/middleware/request_id.rb:27:in `call'
rack (2.0.6) lib/rack/method_override.rb:22:in `call'
rack (2.0.6) lib/rack/runtime.rb:22:in `call'
activesupport (5.2.2) lib/active_support/cache/strategy/local_cache_middleware.rb:29:in `call'
actionpack (5.2.2) lib/action_dispatch/middleware/executor.rb:14:in `call'
actionpack (5.2.2) lib/action_dispatch/middleware/static.rb:127:in `call'
rack (2.0.6) lib/rack/sendfile.rb:111:in `call'
railties (5.2.2) lib/rails/engine.rb:524:in `call'
puma (3.12.0) lib/puma/configuration.rb:225:in `call'
puma (3.12.0) lib/puma/server.rb:658:in `handle_request'
puma (3.12.0) lib/puma/server.rb:472:in `process_client'
puma (3.12.0) lib/puma/server.rb:332:in `block in run'
puma (3.12.0) lib/puma/thread_pool.rb:133:in `block in spawn_thread'
Started GET "/game" for 127.0.0.1 at 2019-01-16 13:59:27 -0200
Processing by GameController#index as HTML
Completed 406 Not Acceptable in 20ms (ActiveRecord: 0.0ms)


  
ActionController::UnknownFormat (GameController#index is missing a template for this request format and variant.

request.formats: ["text/html"]
request.variant: []

NOTE! For XHR/Ajax or API requests, this action would normally respond with 204 No Content: an empty white screen. Since you're loading it in a web browser, we assume that you expected to actually render a template, not nothing, so we're showing an error to be extra-clear. If you expect 204 No Content, carry on. That's what you'll get from an XHR or API request. Give it a shot.):
  
actionpack (5.2.2) lib/action_controller/metal/implicit_render.rb:55:in `default_render'
actionpack (5.2.2) lib/action_controller/metal/basic_implicit_render.rb:6:in `block in send_action'
actionpack (5.2.2) lib/action_controller/metal/basic_implicit_render.rb:6:in `tap'
actionpack (5.2.2) lib/action_controller/metal/basic_implicit_render.rb:6:in `send_action'
actionpack (5.2.2) lib/abstract_controller/base.rb:194:in `process_action'
actionpack (5.2.2) lib/action_controller/metal/rendering.rb:30:in `process_action'
actionpack (5.2.2) lib/abstract_controller/callbacks.rb:42:in `block in process_action'
activesupport (5.2.2) lib/active_support/callbacks.rb:132:in `run_callbacks'
actionpack (5.2.2) lib/abstract_controller/callbacks.rb:41:in `process_action'
actionpack (5.2.2) lib/action_controller/metal/rescue.rb:22:in `process_action'
actionpack (5.2.2) lib/action_controller/metal/instrumentation.rb:34:in `block in process_action'
activesupport (5.2.2) lib/active_support/notifications.rb:168:in `block in instrument'
activesupport (5.2.2) lib/active_support/notifications/instrumenter.rb:23:in `instrument'
activesupport (5.2.2) lib/active_support/notifications.rb:168:in `instrument'
actionpack (5.2.2) lib/action_controller/metal/instrumentation.rb:32:in `process_action'
actionpack (5.2.2) lib/action_controller/metal/params_wrapper.rb:256:in `process_action'
activerecord (5.2.2) lib/active_record/railties/controller_runtime.rb:24:in `process_action'
actionpack (5.2.2) lib/abstract_controller/base.rb:134:in `process'
actionview (5.2.2) lib/action_view/rendering.rb:32:in `process'
actionpack (5.2.2) lib/action_controller/metal.rb:191:in `dispatch'
actionpack (5.2.2) lib/action_controller/metal.rb:252:in `dispatch'
actionpack (5.2.2) lib/action_dispatch/routing/route_set.rb:52:in `dispatch'
actionpack (5.2.2) lib/action_dispatch/routing/route_set.rb:34:in `serve'
actionpack (5.2.2) lib/action_dispatch/journey/router.rb:52:in `block in serve'
actionpack (5.2.2) lib/action_dispatch/journey/router.rb:35:in `each'
actionpack (5.2.2) lib/action_dispatch/journey/router.rb:35:in `serve'
actionpack (5.2.2) lib/action_dispatch/routing/route_set.rb:840:in `call'
rack (2.0.6) lib/rack/tempfile_reaper.rb:15:in `call'
rack (2.0.6) lib/rack/etag.rb:25:in `call'
rack (2.0.6) lib/rack/conditional_get.rb:25:in `call'
rack (2.0.6) lib/rack/head.rb:12:in `call'
actionpack (5.2.2) lib/action_dispatch/http/content_security_policy.rb:18:in `call'
rack (2.0.6) lib/rack/session/abstract/id.rb:232:in `context'
rack (2.0.6) lib/rack/session/abstract/id.rb:226:in `call'
actionpack (5.2.2) lib/action_dispatch/middleware/cookies.rb:670:in `call'
activerecord (5.2.2) lib/active_record/migration.rb:559:in `call'
actionpack (5.2.2) lib/action_dispatch/middleware/callbacks.rb:28:in `block in call'
activesupport (5.2.2) lib/active_support/callbacks.rb:98:in `run_callbacks'
actionpack (5.2.2) lib/action_dispatch/middleware/callbacks.rb:26:in `call'
actionpack (5.2.2) lib/action_dispatch/middleware/executor.rb:14:in `call'
actionpack (5.2.2) lib/action_dispatch/middleware/debug_exceptions.rb:61:in `call'
web-console (3.7.0) lib/web_console/middleware.rb:135:in `call_app'
web-console (3.7.0) lib/web_console/middleware.rb:30:in `block in call'
web-console (3.7.0) lib/web_console/middleware.rb:20:in `catch'
web-console (3.7.0) lib/web_console/middleware.rb:20:in `call'
actionpack (5.2.2) lib/action_dispatch/middleware/show_exceptions.rb:33:in `call'
railties (5.2.2) lib/rails/rack/logger.rb:38:in `call_app'
railties (5.2.2) lib/rails/rack/logger.rb:26:in `block in call'
activesupport (5.2.2) lib/active_support/tagged_logging.rb:71:in `block in tagged'
activesupport (5.2.2) lib/active_support/tagged_logging.rb:28:in `tagged'
activesupport (5.2.2) lib/active_support/tagged_logging.rb:71:in `tagged'
railties (5.2.2) lib/rails/rack/logger.rb:26:in `call'
sprockets-rails (3.2.1) lib/sprockets/rails/quiet_assets.rb:13:in `call'
actionpack (5.2.2) lib/action_dispatch/middleware/remote_ip.rb:81:in `call'
actionpack (5.2.2) lib/action_dispatch/middleware/request_id.rb:27:in `call'
rack (2.0.6) lib/rack/method_override.rb:22:in `call'
rack (2.0.6) lib/rack/runtime.rb:22:in `call'
activesupport (5.2.2) lib/active_support/cache/strategy/local_cache_middleware.rb:29:in `call'
actionpack (5.2.2) lib/action_dispatch/middleware/executor.rb:14:in `call'
actionpack (5.2.2) lib/action_dispatch/middleware/static.rb:127:in `call'
rack (2.0.6) lib/rack/sendfile.rb:111:in `call'
railties (5.2.2) lib/rails/engine.rb:524:in `call'
puma (3.12.0) lib/puma/configuration.rb:225:in `call'
puma (3.12.0) lib/puma/server.rb:658:in `handle_request'
puma (3.12.0) lib/puma/server.rb:472:in `process_client'
puma (3.12.0) lib/puma/server.rb:332:in `block in run'
puma (3.12.0) lib/puma/thread_pool.rb:133:in `block in spawn_thread'
Started GET "/game" for 127.0.0.1 at 2019-01-16 13:59:29 -0200
Processing by GameController#index as HTML
Completed 406 Not Acceptable in 19ms (ActiveRecord: 0.0ms)


  
ActionController::UnknownFormat (GameController#index is missing a template for this request format and variant.

request.formats: ["text/html"]
request.variant: []

NOTE! For XHR/Ajax or API requests, this action would normally respond with 204 No Content: an empty white screen. Since you're loading it in a web browser, we assume that you expected to actually render a template, not nothing, so we're showing an error to be extra-clear. If you expect 204 No Content, carry on. That's what you'll get from an XHR or API request. Give it a shot.):
  
actionpack (5.2.2) lib/action_controller/metal/implicit_render.rb:55:in `default_render'
actionpack (5.2.2) lib/action_controller/metal/basic_implicit_render.rb:6:in `block in send_action'
actionpack (5.2.2) lib/action_controller/metal/basic_implicit_render.rb:6:in `tap'
actionpack (5.2.2) lib/action_controller/metal/basic_implicit_render.rb:6:in `send_action'
actionpack (5.2.2) lib/abstract_controller/base.rb:194:in `process_action'
actionpack (5.2.2) lib/action_controller/metal/rendering.rb:30:in `process_action'
actionpack (5.2.2) lib/abstract_controller/callbacks.rb:42:in `block in process_action'
activesupport (5.2.2) lib/active_support/callbacks.rb:132:in `run_callbacks'
actionpack (5.2.2) lib/abstract_controller/callbacks.rb:41:in `process_action'
actionpack (5.2.2) lib/action_controller/metal/rescue.rb:22:in `process_action'
actionpack (5.2.2) lib/action_controller/metal/instrumentation.rb:34:in `block in process_action'
activesupport (5.2.2) lib/active_support/notifications.rb:168:in `block in instrument'
activesupport (5.2.2) lib/active_support/notifications/instrumenter.rb:23:in `instrument'
activesupport (5.2.2) lib/active_support/notifications.rb:168:in `instrument'
actionpack (5.2.2) lib/action_controller/metal/instrumentation.rb:32:in `process_action'
actionpack (5.2.2) lib/action_controller/metal/params_wrapper.rb:256:in `process_action'
activerecord (5.2.2) lib/active_record/railties/controller_runtime.rb:24:in `process_action'
actionpack (5.2.2) lib/abstract_controller/base.rb:134:in `process'
actionview (5.2.2) lib/action_view/rendering.rb:32:in `process'
actionpack (5.2.2) lib/action_controller/metal.rb:191:in `dispatch'
actionpack (5.2.2) lib/action_controller/metal.rb:252:in `dispatch'
actionpack (5.2.2) lib/action_dispatch/routing/route_set.rb:52:in `dispatch'
actionpack (5.2.2) lib/action_dispatch/routing/route_set.rb:34:in `serve'
actionpack (5.2.2) lib/action_dispatch/journey/router.rb:52:in `block in serve'
actionpack (5.2.2) lib/action_dispatch/journey/router.rb:35:in `each'
actionpack (5.2.2) lib/action_dispatch/journey/router.rb:35:in `serve'
actionpack (5.2.2) lib/action_dispatch/routing/route_set.rb:840:in `call'
rack (2.0.6) lib/rack/tempfile_reaper.rb:15:in `call'
rack (2.0.6) lib/rack/etag.rb:25:in `call'
rack (2.0.6) lib/rack/conditional_get.rb:25:in `call'
rack (2.0.6) lib/rack/head.rb:12:in `call'
actionpack (5.2.2) lib/action_dispatch/http/content_security_policy.rb:18:in `call'
rack (2.0.6) lib/rack/session/abstract/id.rb:232:in `context'
rack (2.0.6) lib/rack/session/abstract/id.rb:226:in `call'
actionpack (5.2.2) lib/action_dispatch/middleware/cookies.rb:670:in `call'
activerecord (5.2.2) lib/active_record/migration.rb:559:in `call'
actionpack (5.2.2) lib/action_dispatch/middleware/callbacks.rb:28:in `block in call'
activesupport (5.2.2) lib/active_support/callbacks.rb:98:in `run_callbacks'
actionpack (5.2.2) lib/action_dispatch/middleware/callbacks.rb:26:in `call'
actionpack (5.2.2) lib/action_dispatch/middleware/executor.rb:14:in `call'
actionpack (5.2.2) lib/action_dispatch/middleware/debug_exceptions.rb:61:in `call'
web-console (3.7.0) lib/web_console/middleware.rb:135:in `call_app'
web-console (3.7.0) lib/web_console/middleware.rb:30:in `block in call'
web-console (3.7.0) lib/web_console/middleware.rb:20:in `catch'
web-console (3.7.0) lib/web_console/middleware.rb:20:in `call'
actionpack (5.2.2) lib/action_dispatch/middleware/show_exceptions.rb:33:in `call'
railties (5.2.2) lib/rails/rack/logger.rb:38:in `call_app'
railties (5.2.2) lib/rails/rack/logger.rb:26:in `block in call'
activesupport (5.2.2) lib/active_support/tagged_logging.rb:71:in `block in tagged'
activesupport (5.2.2) lib/active_support/tagged_logging.rb:28:in `tagged'
activesupport (5.2.2) lib/active_support/tagged_logging.rb:71:in `tagged'
railties (5.2.2) lib/rails/rack/logger.rb:26:in `call'
sprockets-rails (3.2.1) lib/sprockets/rails/quiet_assets.rb:13:in `call'
actionpack (5.2.2) lib/action_dispatch/middleware/remote_ip.rb:81:in `call'
actionpack (5.2.2) lib/action_dispatch/middleware/request_id.rb:27:in `call'
rack (2.0.6) lib/rack/method_override.rb:22:in `call'
rack (2.0.6) lib/rack/runtime.rb:22:in `call'
activesupport (5.2.2) lib/active_support/cache/strategy/local_cache_middleware.rb:29:in `call'
actionpack (5.2.2) lib/action_dispatch/middleware/executor.rb:14:in `call'
actionpack (5.2.2) lib/action_dispatch/middleware/static.rb:127:in `call'
rack (2.0.6) lib/rack/sendfile.rb:111:in `call'
railties (5.2.2) lib/rails/engine.rb:524:in `call'
puma (3.12.0) lib/puma/configuration.rb:225:in `call'
puma (3.12.0) lib/puma/server.rb:658:in `handle_request'
puma (3.12.0) lib/puma/server.rb:472:in `process_client'
puma (3.12.0) lib/puma/server.rb:332:in `block in run'
puma (3.12.0) lib/puma/thread_pool.rb:133:in `block in spawn_thread'
Started GET "/game" for 127.0.0.1 at 2019-01-16 13:59:50 -0200
  [1m[35m (0.2ms)[0m  [1m[34mSELECT "schema_migrations"."version" FROM "schema_migrations" ORDER BY "schema_migrations"."version" ASC[0m
  ↳ /Users/giorgiotorres/.rvm/gems/ruby-2.6.0@lyricspop/gems/activerecord-5.2.2/lib/active_record/log_subscriber.rb:98
Processing by GameController#index as HTML
Completed 406 Not Acceptable in 21ms (ActiveRecord: 0.0ms)


  
ActionController::UnknownFormat (GameController#index is missing a template for this request format and variant.

request.formats: ["text/html"]
request.variant: []

NOTE! For XHR/Ajax or API requests, this action would normally respond with 204 No Content: an empty white screen. Since you're loading it in a web browser, we assume that you expected to actually render a template, not nothing, so we're showing an error to be extra-clear. If you expect 204 No Content, carry on. That's what you'll get from an XHR or API request. Give it a shot.):
  
actionpack (5.2.2) lib/action_controller/metal/implicit_render.rb:55:in `default_render'
actionpack (5.2.2) lib/action_controller/metal/basic_implicit_render.rb:6:in `block in send_action'
actionpack (5.2.2) lib/action_controller/metal/basic_implicit_render.rb:6:in `tap'
actionpack (5.2.2) lib/action_controller/metal/basic_implicit_render.rb:6:in `send_action'
actionpack (5.2.2) lib/abstract_controller/base.rb:194:in `process_action'
actionpack (5.2.2) lib/action_controller/metal/rendering.rb:30:in `process_action'
actionpack (5.2.2) lib/abstract_controller/callbacks.rb:42:in `block in process_action'
activesupport (5.2.2) lib/active_support/callbacks.rb:132:in `run_callbacks'
actionpack (5.2.2) lib/abstract_controller/callbacks.rb:41:in `process_action'
actionpack (5.2.2) lib/action_controller/metal/rescue.rb:22:in `process_action'
actionpack (5.2.2) lib/action_controller/metal/instrumentation.rb:34:in `block in process_action'
activesupport (5.2.2) lib/active_support/notifications.rb:168:in `block in instrument'
activesupport (5.2.2) lib/active_support/notifications/instrumenter.rb:23:in `instrument'
activesupport (5.2.2) lib/active_support/notifications.rb:168:in `instrument'
actionpack (5.2.2) lib/action_controller/metal/instrumentation.rb:32:in `process_action'
actionpack (5.2.2) lib/action_controller/metal/params_wrapper.rb:256:in `process_action'
activerecord (5.2.2) lib/active_record/railties/controller_runtime.rb:24:in `process_action'
actionpack (5.2.2) lib/abstract_controller/base.rb:134:in `process'
actionview (5.2.2) lib/action_view/rendering.rb:32:in `process'
actionpack (5.2.2) lib/action_controller/metal.rb:191:in `dispatch'
actionpack (5.2.2) lib/action_controller/metal.rb:252:in `dispatch'
actionpack (5.2.2) lib/action_dispatch/routing/route_set.rb:52:in `dispatch'
actionpack (5.2.2) lib/action_dispatch/routing/route_set.rb:34:in `serve'
actionpack (5.2.2) lib/action_dispatch/journey/router.rb:52:in `block in serve'
actionpack (5.2.2) lib/action_dispatch/journey/router.rb:35:in `each'
actionpack (5.2.2) lib/action_dispatch/journey/router.rb:35:in `serve'
actionpack (5.2.2) lib/action_dispatch/routing/route_set.rb:840:in `call'
rack (2.0.6) lib/rack/tempfile_reaper.rb:15:in `call'
rack (2.0.6) lib/rack/etag.rb:25:in `call'
rack (2.0.6) lib/rack/conditional_get.rb:25:in `call'
rack (2.0.6) lib/rack/head.rb:12:in `call'
actionpack (5.2.2) lib/action_dispatch/http/content_security_policy.rb:18:in `call'
rack (2.0.6) lib/rack/session/abstract/id.rb:232:in `context'
rack (2.0.6) lib/rack/session/abstract/id.rb:226:in `call'
actionpack (5.2.2) lib/action_dispatch/middleware/cookies.rb:670:in `call'
activerecord (5.2.2) lib/active_record/migration.rb:559:in `call'
actionpack (5.2.2) lib/action_dispatch/middleware/callbacks.rb:28:in `block in call'
activesupport (5.2.2) lib/active_support/callbacks.rb:98:in `run_callbacks'
actionpack (5.2.2) lib/action_dispatch/middleware/callbacks.rb:26:in `call'
actionpack (5.2.2) lib/action_dispatch/middleware/executor.rb:14:in `call'
actionpack (5.2.2) lib/action_dispatch/middleware/debug_exceptions.rb:61:in `call'
web-console (3.7.0) lib/web_console/middleware.rb:135:in `call_app'
web-console (3.7.0) lib/web_console/middleware.rb:30:in `block in call'
web-console (3.7.0) lib/web_console/middleware.rb:20:in `catch'
web-console (3.7.0) lib/web_console/middleware.rb:20:in `call'
actionpack (5.2.2) lib/action_dispatch/middleware/show_exceptions.rb:33:in `call'
railties (5.2.2) lib/rails/rack/logger.rb:38:in `call_app'
railties (5.2.2) lib/rails/rack/logger.rb:26:in `block in call'
activesupport (5.2.2) lib/active_support/tagged_logging.rb:71:in `block in tagged'
activesupport (5.2.2) lib/active_support/tagged_logging.rb:28:in `tagged'
activesupport (5.2.2) lib/active_support/tagged_logging.rb:71:in `tagged'
railties (5.2.2) lib/rails/rack/logger.rb:26:in `call'
sprockets-rails (3.2.1) lib/sprockets/rails/quiet_assets.rb:13:in `call'
actionpack (5.2.2) lib/action_dispatch/middleware/remote_ip.rb:81:in `call'
actionpack (5.2.2) lib/action_dispatch/middleware/request_id.rb:27:in `call'
rack (2.0.6) lib/rack/method_override.rb:22:in `call'
rack (2.0.6) lib/rack/runtime.rb:22:in `call'
activesupport (5.2.2) lib/active_support/cache/strategy/local_cache_middleware.rb:29:in `call'
actionpack (5.2.2) lib/action_dispatch/middleware/executor.rb:14:in `call'
actionpack (5.2.2) lib/action_dispatch/middleware/static.rb:127:in `call'
rack (2.0.6) lib/rack/sendfile.rb:111:in `call'
railties (5.2.2) lib/rails/engine.rb:524:in `call'
puma (3.12.0) lib/puma/configuration.rb:225:in `call'
puma (3.12.0) lib/puma/server.rb:658:in `handle_request'
puma (3.12.0) lib/puma/server.rb:472:in `process_client'
puma (3.12.0) lib/puma/server.rb:332:in `block in run'
puma (3.12.0) lib/puma/thread_pool.rb:133:in `block in spawn_thread'
Started GET "/game" for 127.0.0.1 at 2019-01-16 14:00:31 -0200
Processing by GameController#index as HTML
  Rendering game/index.html.erb within layouts/application
  Rendered game/index.html.erb within layouts/application (0.3ms)
Completed 200 OK in 262ms (Views: 260.6ms | ActiveRecord: 0.0ms)


Started GET "/" for 127.0.0.1 at 2019-01-16 14:01:02 -0200
Processing by Rails::WelcomeController#index as HTML
  Rendering /Users/giorgiotorres/.rvm/gems/ruby-2.6.0@lyricspop/gems/railties-5.2.2/lib/rails/templates/rails/welcome/index.html.erb
  Rendered /Users/giorgiotorres/.rvm/gems/ruby-2.6.0@lyricspop/gems/railties-5.2.2/lib/rails/templates/rails/welcome/index.html.erb (2.4ms)
Completed 200 OK in 5ms (Views: 3.9ms | ActiveRecord: 0.0ms)


Started GET "/" for 127.0.0.1 at 2019-01-16 14:01:05 -0200
Processing by Rails::WelcomeController#index as HTML
  Rendering /Users/giorgiotorres/.rvm/gems/ruby-2.6.0@lyricspop/gems/railties-5.2.2/lib/rails/templates/rails/welcome/index.html.erb
  Rendered /Users/giorgiotorres/.rvm/gems/ruby-2.6.0@lyricspop/gems/railties-5.2.2/lib/rails/templates/rails/welcome/index.html.erb (1.7ms)
Completed 200 OK in 3ms (Views: 2.5ms | ActiveRecord: 0.0ms)


Started GET "/" for 127.0.0.1 at 2019-01-16 14:01:06 -0200
Processing by Rails::WelcomeController#index as HTML
  Rendering /Users/giorgiotorres/.rvm/gems/ruby-2.6.0@lyricspop/gems/railties-5.2.2/lib/rails/templates/rails/welcome/index.html.erb
  Rendered /Users/giorgiotorres/.rvm/gems/ruby-2.6.0@lyricspop/gems/railties-5.2.2/lib/rails/templates/rails/welcome/index.html.erb (1.6ms)
Completed 200 OK in 3ms (Views: 2.3ms | ActiveRecord: 0.0ms)


Started GET "/quests" for 127.0.0.1 at 2019-01-16 14:01:08 -0200
Processing by QuestsController#index as HTML
  Rendering quests/index.html.erb within layouts/application
  [1m[36mQuest Load (0.1ms)[0m  [1m[34mSELECT "quests".* FROM "quests"[0m
  ↳ app/views/quests/index.html.erb:16
  Rendered quests/index.html.erb within layouts/application (1.5ms)
Completed 200 OK in 14ms (Views: 11.9ms | ActiveRecord: 0.3ms)


Started GET "/quests" for 127.0.0.1 at 2019-01-16 14:01:09 -0200
Processing by QuestsController#index as HTML
  Rendering quests/index.html.erb within layouts/application
  [1m[36mQuest Load (0.1ms)[0m  [1m[34mSELECT "quests".* FROM "quests"[0m
  ↳ app/views/quests/index.html.erb:16
  Rendered quests/index.html.erb within layouts/application (1.1ms)
Completed 200 OK in 14ms (Views: 12.8ms | ActiveRecord: 0.1ms)


Started GET "/quests/new" for 127.0.0.1 at 2019-01-16 14:01:10 -0200
Processing by QuestsController#new as HTML
  Rendering quests/new.html.erb within layouts/application
  Rendered quests/_form.html.erb (16.9ms)
  Rendered quests/new.html.erb within layouts/application (18.1ms)
Completed 200 OK in 51ms (Views: 33.2ms | ActiveRecord: 0.4ms)


Started GET "/quests" for 127.0.0.1 at 2019-01-16 14:01:27 -0200
Processing by QuestsController#index as HTML
  Rendering quests/index.html.erb within layouts/application
  [1m[36mQuest Load (0.4ms)[0m  [1m[34mSELECT "quests".* FROM "quests"[0m
  ↳ app/views/quests/index.html.erb:16
  Rendered quests/index.html.erb within layouts/application (5.4ms)
Completed 200 OK in 32ms (Views: 27.0ms | ActiveRecord: 0.4ms)


Started GET "/quests/new" for 127.0.0.1 at 2019-01-16 14:01:29 -0200
Processing by QuestsController#new as HTML
  Rendering quests/new.html.erb within layouts/application
  Rendered quests/_form.html.erb (4.0ms)
  Rendered quests/new.html.erb within layouts/application (5.8ms)
Completed 200 OK in 29ms (Views: 25.3ms | ActiveRecord: 0.0ms)


Started GET "/quests/new" for 127.0.0.1 at 2019-01-16 14:06:47 -0200
Processing by QuestsController#new as HTML
  Rendering quests/new.html.erb within layouts/application
  Rendered quests/_form.html.erb (1.7ms)
  Rendered quests/new.html.erb within layouts/application (2.4ms)
Completed 200 OK in 21ms (Views: 13.6ms | ActiveRecord: 1.0ms)


Started GET "/quests" for 127.0.0.1 at 2019-01-16 14:06:47 -0200
Processing by QuestsController#index as HTML
  Rendering quests/index.html.erb within layouts/application
  [1m[36mQuest Load (0.1ms)[0m  [1m[34mSELECT "quests".* FROM "quests"[0m
  ↳ app/views/quests/index.html.erb:16
  Rendered quests/index.html.erb within layouts/application (1.0ms)
Completed 200 OK in 16ms (Views: 14.6ms | ActiveRecord: 0.1ms)


Started GET "/" for 127.0.0.1 at 2019-01-16 14:06:48 -0200
Processing by Rails::WelcomeController#index as HTML
  Rendering /Users/giorgiotorres/.rvm/gems/ruby-2.6.0@lyricspop/gems/railties-5.2.2/lib/rails/templates/rails/welcome/index.html.erb
  Rendered /Users/giorgiotorres/.rvm/gems/ruby-2.6.0@lyricspop/gems/railties-5.2.2/lib/rails/templates/rails/welcome/index.html.erb (1.6ms)
Completed 200 OK in 3ms (Views: 2.3ms | ActiveRecord: 0.0ms)


Started GET "/game" for 127.0.0.1 at 2019-01-16 14:06:49 -0200
Processing by GameController#index as HTML
  Rendering game/index.html.erb within layouts/application
  Rendered game/index.html.erb within layouts/application (101.1ms)
Completed 500 Internal Server Error in 103ms (ActiveRecord: 0.0ms)


  
ActionView::Template::Error (undefined method `radio_tag' for #<#<Class:0x00007fb5bcfdd760>:0x00007fb5bcfe7df0>
Did you mean?  audio_tag):
    2: 
    3: <div>
    4:   <% @quest.options.split(';').each do |opt| %>
    5:     <% radio_tag :selected_opt %> <= opt %>
    6:   <% end %>
    7: </div>
  
app/views/game/index.html.erb:5:in `block in _app_views_game_index_html_erb__4550970918800355829_70209268281180'
app/views/game/index.html.erb:4:in `each'
app/views/game/index.html.erb:4:in `_app_views_game_index_html_erb__4550970918800355829_70209268281180'
Started GET "/game" for 127.0.0.1 at 2019-01-16 14:06:49 -0200
Processing by GameController#index as HTML
  Rendering game/index.html.erb within layouts/application
  Rendered game/index.html.erb within layouts/application (143.2ms)
Completed 500 Internal Server Error in 146ms (ActiveRecord: 0.0ms)


  
ActionView::Template::Error (undefined method `radio_tag' for #<#<Class:0x00007fb5bcfdd760>:0x00007fb5bcb07f10>
Did you mean?  audio_tag):
    2: 
    3: <div>
    4:   <% @quest.options.split(';').each do |opt| %>
    5:     <% radio_tag :selected_opt %> <= opt %>
    6:   <% end %>
    7: </div>
  
app/views/game/index.html.erb:5:in `block in _app_views_game_index_html_erb__4550970918800355829_70209262420940'
app/views/game/index.html.erb:4:in `each'
app/views/game/index.html.erb:4:in `_app_views_game_index_html_erb__4550970918800355829_70209262420940'
Started GET "/game" for 127.0.0.1 at 2019-01-16 14:07:07 -0200
Processing by GameController#index as HTML
  Rendering game/index.html.erb within layouts/application
  Rendered game/index.html.erb within layouts/application (0.9ms)
Completed 500 Internal Server Error in 3ms (ActiveRecord: 0.0ms)


  
ActionView::Template::Error (wrong number of arguments (given 1, expected 2..4)):
    2: 
    3: <div>
    4:   <% @quest.options.split(';').each do |opt| %>
    5:     <% radio_button_tag :selected_opt %> <= opt %>
    6:   <% end %>
    7: </div>
  
app/views/game/index.html.erb:5:in `block in _app_views_game_index_html_erb__4550970918800355829_70209264011320'
app/views/game/index.html.erb:4:in `each'
app/views/game/index.html.erb:4:in `_app_views_game_index_html_erb__4550970918800355829_70209264011320'
Started GET "/game" for 127.0.0.1 at 2019-01-16 14:08:02 -0200
Processing by GameController#index as HTML
  Rendering game/index.html.erb within layouts/application
  Rendered game/index.html.erb within layouts/application (0.5ms)
Completed 200 OK in 44ms (Views: 42.9ms | ActiveRecord: 0.0ms)


Started GET "/game" for 127.0.0.1 at 2019-01-16 14:08:10 -0200
Processing by GameController#index as HTML
  Rendering game/index.html.erb within layouts/application
  Rendered game/index.html.erb within layouts/application (0.4ms)
Completed 200 OK in 15ms (Views: 13.4ms | ActiveRecord: 0.0ms)


Started GET "/game" for 127.0.0.1 at 2019-01-16 14:08:30 -0200
Processing by GameController#index as HTML
  Rendering game/index.html.erb within layouts/application
  Rendered game/index.html.erb within layouts/application (0.4ms)
Completed 200 OK in 14ms (Views: 13.3ms | ActiveRecord: 0.0ms)


Started GET "/game" for 127.0.0.1 at 2019-01-16 14:08:39 -0200
Processing by GameController#index as HTML
  Rendering game/index.html.erb within layouts/application
  Rendered game/index.html.erb within layouts/application (0.5ms)
Completed 200 OK in 16ms (Views: 15.1ms | ActiveRecord: 0.0ms)


Started GET "/game" for 127.0.0.1 at 2019-01-16 14:08:45 -0200
Processing by GameController#index as HTML
  Rendering game/index.html.erb within layouts/application
  Rendered game/index.html.erb within layouts/application (0.6ms)
Completed 200 OK in 18ms (Views: 16.8ms | ActiveRecord: 0.0ms)


Started GET "/game" for 127.0.0.1 at 2019-01-16 14:10:07 -0200
Processing by GameController#index as HTML
  Rendering game/index.html.erb within layouts/application
  Rendered game/index.html.erb within layouts/application (0.5ms)
Completed 500 Internal Server Error in 3ms (ActiveRecord: 0.0ms)


  
SyntaxError (/Users/giorgiotorres/Documents/agile42/lyricspop/app/views/game/index.html.erb:17: syntax error, unexpected end-of-input, expecting end):
  
app/views/game/index.html.erb:17: syntax error, unexpected end-of-input, expecting end
Started GET "/game" for 127.0.0.1 at 2019-01-16 14:10:15 -0200
Processing by GameController#index as HTML
  Rendering game/index.html.erb within layouts/application
  Rendered game/index.html.erb within layouts/application (1.0ms)
Completed 500 Internal Server Error in 4ms (ActiveRecord: 0.0ms)


  
ActionView::Template::Error (wrong number of arguments (given 1, expected 0)):
    1: 
    2: <%= form_with @question do |f| %>
    3: 
    4: <h1><%= @quest.question %></h1>
    5: 
  
app/views/game/index.html.erb:2:in `_app_views_game_index_html_erb__4550970918800355829_70209263270320'
Started GET "/game" for 127.0.0.1 at 2019-01-16 14:10:48 -0200
Processing by GameController#index as HTML
  Rendering game/index.html.erb within layouts/application
  Rendered game/index.html.erb within layouts/application (0.4ms)
Completed 200 OK in 12ms (Views: 11.3ms | ActiveRecord: 0.0ms)


Started GET "/game" for 127.0.0.1 at 2019-01-16 14:11:55 -0200
Processing by GameController#index as HTML
  Rendering game/index.html.erb within layouts/application
  Rendered game/index.html.erb within layouts/application (0.4ms)
Completed 200 OK in 21ms (Views: 19.9ms | ActiveRecord: 0.0ms)


Started GET "/game" for 127.0.0.1 at 2019-01-16 14:12:50 -0200
Processing by GameController#index as HTML
  Rendering game/index.html.erb within layouts/application
  Rendered game/index.html.erb within layouts/application (0.6ms)
Completed 200 OK in 14ms (Views: 13.5ms | ActiveRecord: 0.0ms)


Started GET "/game" for 127.0.0.1 at 2019-01-16 14:13:46 -0200
Processing by GameController#index as HTML
  Rendering game/index.html.erb within layouts/application
  Rendered game/index.html.erb within layouts/application (0.5ms)
Completed 200 OK in 14ms (Views: 13.5ms | ActiveRecord: 0.0ms)


Started GET "/" for 127.0.0.1 at 2019-01-16 14:15:59 -0200
Processing by Rails::WelcomeController#index as HTML
  Rendering /Users/giorgiotorres/.rvm/gems/ruby-2.6.0@lyricspop/gems/railties-5.2.2/lib/rails/templates/rails/welcome/index.html.erb
  Rendered /Users/giorgiotorres/.rvm/gems/ruby-2.6.0@lyricspop/gems/railties-5.2.2/lib/rails/templates/rails/welcome/index.html.erb (2.3ms)
Completed 200 OK in 6ms (Views: 4.1ms | ActiveRecord: 0.0ms)


Started GET "/game" for 127.0.0.1 at 2019-01-16 14:16:02 -0200
Processing by GameController#index as HTML
  Rendering game/index.html.erb within layouts/application
  Rendered game/index.html.erb within layouts/application (0.7ms)
Completed 200 OK in 15ms (Views: 13.8ms | ActiveRecord: 0.0ms)


Started GET "/game" for 127.0.0.1 at 2019-01-16 14:17:19 -0200
Processing by GameController#index as HTML
  Rendering game/index.html.erb within layouts/application
  Rendered game/index.html.erb within layouts/application (1.0ms)
Completed 200 OK in 23ms (Views: 21.6ms | ActiveRecord: 0.0ms)


Started GET "/game" for 127.0.0.1 at 2019-01-16 14:17:38 -0200
Processing by GameController#index as HTML
  Rendering game/index.html.erb within layouts/application
  Rendered game/index.html.erb within layouts/application (0.9ms)
Completed 200 OK in 42ms (Views: 38.3ms | ActiveRecord: 0.0ms)


Started GET "/game" for 127.0.0.1 at 2019-01-16 14:19:22 -0200
  [1m[35m (0.1ms)[0m  [1m[34mSELECT "schema_migrations"."version" FROM "schema_migrations" ORDER BY "schema_migrations"."version" ASC[0m
  ↳ /Users/giorgiotorres/.rvm/gems/ruby-2.6.0@lyricspop/gems/activerecord-5.2.2/lib/active_record/log_subscriber.rb:98
Processing by GameController#index as HTML
  Rendering game/index.html.erb within layouts/application
  Rendered game/index.html.erb within layouts/application (0.7ms)
Completed 200 OK in 419ms (Views: 409.5ms | ActiveRecord: 0.5ms)


Started GET "/game" for 127.0.0.1 at 2019-01-16 14:19:35 -0200
Processing by GameController#index as HTML
  Rendering game/index.html.erb within layouts/application
  Rendered game/index.html.erb within layouts/application (1.0ms)
Completed 200 OK in 27ms (Views: 25.9ms | ActiveRecord: 0.0ms)


Started GET "/game" for 127.0.0.1 at 2019-01-16 14:19:46 -0200
Processing by GameController#index as HTML
  Rendering game/index.html.erb within layouts/application
  Rendered game/index.html.erb within layouts/application (1.0ms)
Completed 200 OK in 28ms (Views: 25.7ms | ActiveRecord: 0.0ms)


Started GET "/game" for 127.0.0.1 at 2019-01-16 14:20:25 -0200
Processing by GameController#index as HTML
  Rendering game/index.html.erb within layouts/application
  Rendered game/index.html.erb within layouts/application (0.5ms)
Completed 200 OK in 30ms (Views: 29.4ms | ActiveRecord: 0.0ms)


Started GET "/game" for 127.0.0.1 at 2019-01-16 14:21:07 -0200
Processing by GameController#index as HTML
  Rendering game/index.html.erb within layouts/application
  Rendered game/index.html.erb within layouts/application (1.2ms)
Completed 200 OK in 31ms (Views: 29.9ms | ActiveRecord: 0.0ms)


Started GET "/game" for 127.0.0.1 at 2019-01-16 14:23:40 -0200
Processing by GameController#index as HTML
  Rendering game/index.html.erb within layouts/application
  Rendered game/index.html.erb within layouts/application (2.7ms)
Completed 200 OK in 39ms (Views: 38.0ms | ActiveRecord: 0.0ms)


Started GET "/game" for 127.0.0.1 at 2019-01-16 14:23:54 -0200
Processing by GameController#index as HTML
  Rendering game/index.html.erb within layouts/application
  Rendered game/index.html.erb within layouts/application (1.7ms)
Completed 200 OK in 28ms (Views: 27.4ms | ActiveRecord: 0.0ms)


Started GET "/game" for 127.0.0.1 at 2019-01-16 14:24:02 -0200
Processing by GameController#index as HTML
  Rendering game/index.html.erb within layouts/application
  Rendered game/index.html.erb within layouts/application (1.2ms)
Completed 200 OK in 26ms (Views: 23.2ms | ActiveRecord: 0.0ms)


Started GET "/game" for 127.0.0.1 at 2019-01-16 14:24:09 -0200
Processing by GameController#index as HTML
  Rendering game/index.html.erb within layouts/application
  Rendered game/index.html.erb within layouts/application (2.4ms)
Completed 200 OK in 29ms (Views: 27.2ms | ActiveRecord: 0.0ms)


Started GET "/game" for 127.0.0.1 at 2019-01-16 14:24:32 -0200
Processing by GameController#index as HTML
  Rendering game/index.html.erb within layouts/application
  Rendered game/index.html.erb within layouts/application (0.9ms)
Completed 200 OK in 23ms (Views: 21.0ms | ActiveRecord: 0.0ms)


Started GET "/game" for 127.0.0.1 at 2019-01-16 14:24:41 -0200
Processing by GameController#index as HTML
  Rendering game/index.html.erb within layouts/application
  Rendered game/index.html.erb within layouts/application (2.2ms)
Completed 200 OK in 26ms (Views: 25.1ms | ActiveRecord: 0.0ms)


Started GET "/game" for 127.0.0.1 at 2019-01-16 14:24:49 -0200
Processing by GameController#index as HTML
  Rendering game/index.html.erb within layouts/application
  Rendered game/index.html.erb within layouts/application (0.5ms)
Completed 200 OK in 20ms (Views: 19.0ms | ActiveRecord: 0.0ms)


Started GET "/game" for 127.0.0.1 at 2019-01-16 14:24:55 -0200
Processing by GameController#index as HTML
  Rendering game/index.html.erb within layouts/application
  Rendered game/index.html.erb within layouts/application (1.0ms)
Completed 200 OK in 26ms (Views: 23.3ms | ActiveRecord: 0.0ms)


Started GET "/game" for 127.0.0.1 at 2019-01-16 14:25:04 -0200
Processing by GameController#index as HTML
  Rendering game/index.html.erb within layouts/application
  Rendered game/index.html.erb within layouts/application (0.9ms)
Completed 200 OK in 28ms (Views: 25.5ms | ActiveRecord: 0.0ms)


Started GET "/game" for 127.0.0.1 at 2019-01-16 14:25:09 -0200
Processing by GameController#index as HTML
  Rendering game/index.html.erb within layouts/application
  Rendered game/index.html.erb within layouts/application (1.3ms)
Completed 200 OK in 25ms (Views: 24.4ms | ActiveRecord: 0.0ms)


Started GET "/game" for 127.0.0.1 at 2019-01-16 14:26:06 -0200
Processing by GameController#index as HTML
  Rendering game/index.html.erb within layouts/application
  Rendered game/index.html.erb within layouts/application (1.2ms)
Completed 200 OK in 28ms (Views: 25.7ms | ActiveRecord: 0.0ms)


Started GET "/game" for 127.0.0.1 at 2019-01-16 14:26:14 -0200
Processing by GameController#index as HTML
  Rendering game/index.html.erb within layouts/application
  Rendered game/index.html.erb within layouts/application (0.9ms)
Completed 200 OK in 39ms (Views: 36.9ms | ActiveRecord: 0.0ms)


Started GET "/game" for 127.0.0.1 at 2019-01-16 14:26:24 -0200
Processing by GameController#index as HTML
  Rendering game/index.html.erb within layouts/application
  Rendered game/index.html.erb within layouts/application (0.5ms)
Completed 200 OK in 28ms (Views: 27.1ms | ActiveRecord: 0.0ms)


Started GET "/game" for 127.0.0.1 at 2019-01-16 14:26:48 -0200
Processing by GameController#index as HTML
  Rendering game/index.html.erb within layouts/application
  Rendered game/index.html.erb within layouts/application (1.6ms)
Completed 200 OK in 28ms (Views: 25.3ms | ActiveRecord: 0.0ms)


Started GET "/game" for 127.0.0.1 at 2019-01-16 14:27:03 -0200
Processing by GameController#index as HTML
  Rendering game/index.html.erb within layouts/application
  Rendered game/index.html.erb within layouts/application (0.5ms)
Completed 200 OK in 25ms (Views: 24.0ms | ActiveRecord: 0.0ms)


Started GET "/game" for 127.0.0.1 at 2019-01-16 14:27:09 -0200
Processing by GameController#index as HTML
  Rendering game/index.html.erb within layouts/application
  Rendered game/index.html.erb within layouts/application (1.0ms)
Completed 200 OK in 23ms (Views: 19.7ms | ActiveRecord: 0.0ms)


Started GET "/game" for 127.0.0.1 at 2019-01-16 14:28:18 -0200
Processing by GameController#index as HTML
  Rendering game/index.html.erb within layouts/application
  Rendered game/index.html.erb within layouts/application (0.9ms)
Completed 200 OK in 34ms (Views: 30.2ms | ActiveRecord: 0.0ms)


Started GET "/game" for 127.0.0.1 at 2019-01-16 14:28:48 -0200
Processing by GameController#index as HTML
  Rendering game/index.html.erb within layouts/application
  Rendered game/index.html.erb within layouts/application (2.2ms)
Completed 200 OK in 26ms (Views: 24.4ms | ActiveRecord: 0.0ms)


Started GET "/game" for 127.0.0.1 at 2019-01-16 14:29:00 -0200
Processing by GameController#index as HTML
  Rendering game/index.html.erb within layouts/application
  Rendered game/index.html.erb within layouts/application (1.1ms)
Completed 200 OK in 27ms (Views: 25.0ms | ActiveRecord: 0.0ms)


